Success (9):
datatype 1944 {https://test79.appianci.net/suite/types/}TEST_cdt "{https://test79.appianci.net/suite/types/}TEST_cdt"
dataStore 2030 _a-0000db64-d317-8000-0315-010000010000_2029 "TEST DS"
content 2020 _a-0000db64-d317-8000-0315-010000010000_2020 "TEST Rule Folder"
content 2021 d6a0ccac-8601-4d2d-91e3-368ada057b74 "TEST_dashboard"
content 2022 834bc680-32b0-46e6-9f3b-c42977b9253e "TEST_rule"
processModelFolder 1 _g-0000db64-d319-8000-0316-010000010000_1 "TEST Process Models Folder"
processModel 0 0003db65-da22-8000-0316-010000010000 "TEST Process Model"
application 2028 _a-0000db64-d317-8000-0315-010000010000_2028 "Test Application"
recordType 2 96bef044-77f0-4e9f-a515-bee5ae0a1588 "TEST Record"

Trace:
2015-07-17 13:43:40.162 DEBUG application 2028 _a-0000db64-d317-8000-0315-010000010000_2028 Begin transport.
2015-07-17 13:43:40.162 DEBUG application 2028 _a-0000db64-d317-8000-0315-010000010000_2028 Retrieving object data.
2015-07-17 13:43:40.164 DEBUG application 2028 _a-0000db64-d317-8000-0315-010000010000_2028 App associated objects: GlobalIdMap[datatype=[{https://test79.appianci.net/suite/types/}TEST_cdt],dataStore=[_a-0000db64-d317-8000-0315-010000010000_2029],content=[Store 2030 _a-0000db64-d317-8000-0315-010000010000_2029 Begin transport.
2015-07-17 13:43:40.268 DEBUG dataStore 2030 _a-0000db64-d317-8000-0315-010000010000_2029 Retrieving object data.
2015-07-17 13:43:40.277 DEBUG dataStore 2030 _a-0000db64-d317-8000-0315-010000010000_2029 Setting uuids of object references.
2015-07-17 13:43:40.277 DEBUG dataStore 2030 _a-0000db64-d317-8000-0315-010000010000_2029 Processing reference: datatypeRef[id=1944]
2015-07-17 13:43:40.278 DEBUG dataStore 2030 _a-0000db64-d317-8000-0315-010000010000_2029 Processing reference: ContentRole[name=administrators,usernames=[Administrator],inherit=false,allowForAll=false]
2015-07-17 13:43:40.279 DEBUG dataStore 2030 _a-0000db64-d317-8000-0315-010000010000_2029 Processing reference: ContentRole[name=authors,inherit=false,allowForAll=false]
2015-07-17 13:43:40.279 DEBUG dataStore 2030 _a-0000db64-d317-8000-0315-010000010000_2029 Processing reference: ContentRole[name=denyAdministrators,inherit=false,allowForAll=false]
2015-07-17 13:43:40.279 DEBUG dataStore 2030 _a-0000db64-d317-8000-0315-010000010000_2029 Processing reference: ContentRole[name=denyAuthors,inherit=false,allowForAll=false]
2015-07-17 13:43:40.279 DEBUG dataStore 2030 _a-0000db64-d317-8000-0315-010000010000_2029 Processing reference: ContentRole[name=denyReaders,inherit=false,allowForAll=false]
2015-07-17 13:43:40.279 DEBUG dataStore 2030 _a-0000db64-d317-8000-0315-010000010000_2029 Processing reference: ContentRole[name=readers,inherit=false,allowForAll=false]
2015-07-17 13:43:40.279 DEBUG dataStore 2030 _a-0000db64-d317-8000-0315-010000010000_2029 Exporting binary resources.
2015-07-17 13:43:40.279 DEBUG dataStore 2030 _a-0000db64-d317-8000-0315-010000010000_2029 Serializing object to XML.
2015-07-17 13:43:40.289 DEBUG dataStore 2030 _a-0000db64-d317-8000-0315-010000010000_2029 Object transported.
2015-07-17 13:43:40.29 DEBUG content 2021 d6a0ccac-8601-4d2d-91e3-368ada057b74 Begin transport.
2015-07-17 13:43:40.29 DEBUG content 2021 d6a0ccac-8601-4d2d-91e3-368ada057b74 Retrieving object data.
2015-07-17 13:43:40.292 DEBUG content 2021 d6a0ccac-8601-4d2d-91e3-368ada057b74 Setting uuids of object references.
2015-07-17 13:43:40.292 DEBUG content 2021 d6a0ccac-8601-4d2d-91e3-368ada057b74 Processing reference: [Content:id=2021,versionId=-1,name=TEST_dashboard,description=,type=32,subtype=1,uuid=d6a0ccac-8601-4d2d-91e3-368ada057b74,parent=2020,parentName=TEST Rule Folder,parentType=2,log=2021,logName=TEST_dashboard,state=255,visibility=35,security=143,creator=Administrator,createdTimestamp=2015-07-16 19:38:13.0,updatedTimestamp=2015-07-16 19:38:13.0,metadataIds=[],size=0,lockedBy=,changesRequireApproval=false,attributes={dep_rules=[Ljava.lang.Long;@14fb4b0e, system=0, preferredEditor=interface, hidden=0, offlineEnabled=false, ruletype=1, dep_functions=[Ljava.lang.String;@1bb20082, definition==#"SYSTEM_SYSRULES_dashboardLayout"(
  firstColumnContents: {
    #"SYSTEM_SYSRULES_milestoneField"(
      labelPosition: "COLLAPSED",
      steps: {"Requested", "Approved", "Submitted mount", data: dollar({300, 50.99, 61.98, 412.97}), alignment: "RIGHT")
          },
          value: #"SYSTEM_SYSRULES_pagingInfo"(startIndex: 1, batchSize: 5),
          saveInto: {}
        )
      },
      secondColumnContents: {}
    ),
    #"SYSTEM_SYSRULES_sectionLayout"(
      label: "Approval",
      firstColumnContents: {
        #"SYSTEM_SYSRULES_textField"(
          label: "Approved By",
          labelPosition: "ADJACENT",
          value: "Paul Smith",
          readOnly: true
        ),
        #"SYSTEM_SYSRULES_dateField"(
          label: "Approved On",
          labelPosition: "ADJACENT",
          value: today(),
          readOnly: true
        ),
        #"SYSTEM_SYSRULES_paragraphField"(
          label: "Comments",
          labelPosition: "ADJACENT",
          value: "These items are necessary for an upcoming client demo and there is sufficient budget to cover the cost of the items.",
          readOnly: true
        )
      },
      secondColumnContents: {
        #"SYSTEM_SYSRULES_imageField"(
          labelPosition: "COLLAPSED",
          images: {
            #"SYSTEM_SYSRULES_documentImage"(
              document: #"SYSTEM_SYSRULES_expd_exampleSignatureImage"(),
              altText: "Paul Smith signature",
              /* This is an example image that should not be used outside of this template. Instead, use a constant or variable that references your image. */
              caption: "Paul Smith"
            )
          },
          size: "STANDARD"
        )
      }
    ),
    #"SYSTEM_SYSRULES_sectionLayout"(
      label: "Vendor Information",
      firstColumnContents: {
        #"SYSTEM_SYSRULES_textField"(
          label: "Vendor",
          labelPosition: "ADJACENT",
          value: "Mobile Device Company",
          readOnly: true
        ),
        #"SYSTEM_SYSRULES_textField"(
          label: "Contact",
          labelPosition: "ADJACENT",
          value: "John Coleman",
          readOnly: true
        ),
        #"SYSTEM_SYSRULES_textField"(
          label: "Phone",
          labelPosition: "ADJACENT",
          value: "(123) 456-7890",
          readOnly: true
        ),
        #"SYSTEM_SYSRULES_textField"(
          label: "Email",
          labelPosition: "ADJACENT",
          value: "companyA@example.com",
          readOnly: true
        )
      },
      secondColumnContents: {
        #"SYSTEM_SYSRULES_textField"(
          label: "Address",
          labelPosition: "ADJACENT",
          value: "456 Sesame Street",
          readOnly: true
        ),
        #"SYSTEM_SYSRULES_textField"(
          label: "City",
          labelPosition: "ADJACENT",
          value: "New York",
          readOnly: true
        ),
        #"SYSTEM_SYSRULES_textField"(
          label: "State/Province",
          labelPosition: "ADJACENT",
          value: "NY",
          readOnly: true
        ),
        #"SYSTEM_SYSRULES_textField"(
          label: "Zip/Postal Code",
          labelPosition: "ADJACENT",
          value: "12345",
          readOnly: true
        )
      }
    )
  },
  secondColumnContents: {}
), dep_types=[Ljava.lang.String;@1ca6b173, =false]
2015-07-17 13:43:40.304 DEBUG content 2021 d6a0ccac-8601-4d2d-91e3-368ada057b74 Processing reference: ContentRole[name=authors,inherit=true,allowForAll=false]
2015-07-17 13:43:40.304 DEBUG content 2021 d6a0ccac-8601-4d2d-91e3-368ada057b74 Processing reference: ContentRole[name=administrators,usernames=[Administrator],inherit=true,allowForAll=false]
2015-07-17 13:43:40.304 DEBUG content 2021 d6a0ccac-8601-4d2d-91e3-368ada057b74 Processing reference: ContentRole[name=denyReaders,inherit=false,allowForAll=false]
2015-07-17 13:43:40.304 DEBUG content 2021 d6a0ccac-8601-4d2d-91e3-368ada057b74 Processing reference: ContentRole[name=denyAuthors,inherit=false,allowForAll=false]
2015-07-17 13:43:40.305 DEBUG content 2021 d6a0ccac-8601-4d2d-91e3-368ada057b74 Processing reference: ContentRole[name=denyAdministrators,inherit=false,allowForAll=false]
2015-07-17 13:43:40.305 DEBUG content 2021 d6a0ccac-8601-4d2d-91e3-368ada057b74 Exporting binary resources.
2015-07-17 13:43:40.305 DEBUG content 2021 d6a0ccac-8601-4d2d-91e3-368ada057b74 Serializing object to XML.
2015-07-17 13:43:40.307 DEBUG content 2021 d6a0ccac-8601-4d2d-91e3-368ada057b74 Object transported.
2015-07-17 13:43:40.307 DEBUG content 2022 834bc680-32b0-46e6-9f3b-c42977b9253e Begin transport.
2015-07-17 13:43:40.307 DEBUG content 2022 834bc680-32b0-46e6-9f3b-c42977b9253e Retrieving object data.
2015-07-17 13:43:40.309 DEBUG content 2022 834bc680-32b0-46e6-9f3b-c42977b9253e Setting uuids of object references.
2015-07-17 13:43:40.309 DEBUG content 2022 834bc680-32b0-46e6-9f3b-c42977b9253e Processing reference: [Content:id=2022,versionId=-1,name=TEST_rule,description=,type=32,subtype=1,uuid=834bc680-32b0-46e6-9f3b-c42977b9253e,parent=2020,parentName=TEST Rule Folder,parentType=2,log=2022,logName=TEST_rule,state=255,visibility=35,security=143,creator=Administrator,createdTimestamp=2015-07-16 19:45:24.0,updatedTimestamp=2015-07-16 19:45:24.0,metadataIds=[],size=0,lockedBy=,changesRequireApproval=false,attributes={dep_rules=[Ljava.lang.Long;@7abe30b4, system=0, preferredEditor=null, hidden=0, ruletype=1, dep_functions=[Ljava.lang.String;@1f112c02, definition=="hello", dep_types=[Ljava.lang.String;@cac55b3, parameters=[Lcom.appiancorp.suiteapi.process.TypedVariable;@39be6748, dep_variables=[[Ljava.lang.String;@328ecb5b},partition=2,partitionName=/usr/local/appian/ae/_admin/accdocs2]
2015-07-17 13:43:40.309 DEBUG content 2022 834bc680-32b0-46e6-9f3b-c42977b9253e Processing reference: FreeformRule.forum
2015-07-17 13:43:40.31 DEBUG content 2022 834bc680-32b0-46e6-9f3b-c42977b9253e Processing reference: FreeformRule.parent
2015-07-17 13:43:40.311 DEBUG content 2022 834bc680-32b0-46e6-9f3b-c42977b9253e Processing reference: com.appiancorp.suiteapi.content.ContentRoleMap@67856760[
  ContentRole[name=readers,inherit=true,allowForAll=false]
  ContentRole[name=authors,inherit=true,allowForAll=false]
  ContentRole[name=administrators,usernames=[Administrator],inherit=true,allowForAll=false]
  ContentRole[name=denyReaders,inherit=false,allowForAll=false]
  ContentRole[name=denyAuthors,inherit=false,allowForAll=false]
  ContentRole[name=denyAdministrators,inherit=false,allowForAll=false]
  securityVector=143:SEC_PUBLIC=true,SEC_CREATOR_ADMIN=true,SEC_INH_ADMIN=true,SEC_INH_EDITOR=true,SEC_INH_VIEWER=true,SEC_ALL_ADMIN=false,SEC_ALL_EDITOR=false,SEC_ALL_VIEWER=false
]
2015-07-17 13:43:40.311 DEBUG content 2022 834bc680-32b0-46e6-9f3b-c42977b9253e Processing reference: ContentRole[name=readers,inherit=true,allowForAll=false]
2015-07-17 13:43:40.311 DEBUG content 2022 834bc680-32b0-46e6-9f3b-c42977b9253e Processing reference: ContentRole[name=erence: InternalForm.docId
2015-07-17 13:43:40.346 DEBUG processModel 0 0003db65-da22-8000-0316-010000010000 Processing reference: ActivityClassParameter[name=pmID,it=23,v=<null>]
2015-07-17 13:43:40.346 DEBUG processModel 0 0003db65-da22-8000-0316-010000010000 Processing reference: ActivityClassParameter[name=inMap,it=111,v={}]
2015-07-17 13:43:40.347 DEBUG processModel 0 0003db65-da22-8000-0316-010000010000 Processing reference: ActivityClassParameter[name=procInheritsPriority,it=1,v=1]
2015-07-17 13:43:40.347 DEBUG processModel 0 0003db65-da22-8000-0316-010000010000 Processing reference: ActivityClassParameter[name=pmUUID,it=3,v=]
2015-07-17 13:43:40.347 DEBUG processModel 0 0003db65-da22-8000-0316-010000010000 Processing reference: ActivityClassParameter[name=isAsynchronous,it=26,v=1]
2015-07-17 13:43:40.347 DEBUG processModel 0 0003db65-da22-8000-0316-010000010000 Processing reference: ActivityClassParameter[name=isTransparent,it=26,v=1]
2015-07-17 13:43:40.347 DEBUG processModel 0 0003db65-da22-8000-0316-010000010000 Processing reference: ActivityClassParameter[name=inheritSecurity,it=26,v=0]
2015-07-17 13:43:40.348 DEBUG processModel 0 0003db65-da22-8000-0316-010000010000 Processing reference: com.appiancorp.suiteapi.process.ProcessRoleMap@381874a4[
  Role[name=ADMIN_OWNER,usernames=[Administrator]]
  Role[name=EDITOR]
  Role[name=EXPLICIT_NONMEMBER]
  Role[name=VIEWER]
  Role[name=MANAGER]
  Role[name=INITIATOR]
]
2015-07-17 13:43:40.348 DEBUG processModel 0 0003db65-da22-8000-0316-010000010000 Processing reference: Role[name=ADMIN_OWNER,usernames=[Administrator]]
2015-07-17 13:43:40.349 DEBUG processModel 0 0003db65-da22-8000-0316-010000010000 Processing reference: Role[name=EDITOR]
2015-07-17 13:43:40.349 DEBUG processModel 0 0003db65-da22-8000-0316-010000010000 Processing reference: Role[name=EXPLICIT_NONMEMBER]
2015-07-17 13:43:40.349 DEBUG processModel 0 0003db65-da22-8000-0316-010000010000 Processing reference: Role[name=VIEWER]
2015-07-17 13:43:40.349 DEBUG processModel 0 0003db65-da22-8000-0316-010000010000 Processing reference: Role[name=MANAGER]
2015-07-17 13:43:40.349 DEBUG processModel 0 0003db65-da22-8000-0316-010000010000 Processing reference: Role[name=INITIATOR]
2015-07-17 13:43:40.35 DEBUG processModel 0 0003db65-da22-8000-0316-010000010000 Exporting binary resources.
2015-07-17 13:43:40.35 DEBUG processModel 0 0003db65-da22-8000-0316-010000010000 Serializing object to XML.
2015-07-17 13:43:40.389 DEBUG processModel 0 0003db65-da22-8000-0316-010000010000 Object transported.
2015-07-17 13:43:40.391 DEBUG recordType 2 96bef044-77f0-4e9f-a515-bee5ae0a1588 Begin transport.
2015-07-17 13:43:40.391 DEBUG recordType 2 96bef044-77f0-4e9f-a515-bee5ae0a1588 Retrieving object data.
2015-07-17 13:43:40.4 